[0805/094214.143:INFO:CONSOLE(40)] "Setting client side cookies ...", source: https://www.allrecipes.com/dist/main.js (40)
[0805/094214.235:INFO:CONSOLE(2)] "%c--KARMA LOG: KARMA is running! font-size:12px;color:green", source: https://karma.mdpcdn.com/service/js-min/karma.js (2)
[0805/094214.334:INFO:CONSOLE(2)] "%c--KARMA ERROR: Failed to fetch Index Identity library. font-size:14px;color:red", source: https://karma.mdpcdn.com/service/js-min/karma.js (2)
[0805/094214.366:INFO:CONSOLE(25)] "Error: <svg> attribute viewBox: Expected number, "0 0 100 undefined".", source: https://www.allrecipes.com/dist/main.js (25)
[0805/094218.058:INFO:CONSOLE(1)] "Uncaught ReferenceError: Krux is not defined", source:  (1)
[0805/094218.104:INFO:CONSOLE(6)] "[GPT] Cannot find targeting attribute "sch" for "publisher_ads".", source: https://securepubads.g.doubleclick.net/gpt/pubads_impl_2021080201.js?31062124 (6)
[0805/094218.105:INFO:CONSOLE(6)] "[GPT] Cannot find targeting attribute "collapseall" for "publisher_ads".", source: https://securepubads.g.doubleclick.net/gpt/pubads_impl_2021080201.js?31062124 (6)
[0805/094218.114:INFO:CONSOLE(6)] "[GPT] Invalid arguments: Slot.setTargeting('', '').", source: https://securepubads.g.doubleclick.net/gpt/pubads_impl_2021080201.js?31062124 (6)
[0805/094218.115:INFO:CONSOLE(6)] "[GPT] Invalid arguments: Slot.setTargeting('', '').", source: https://securepubads.g.doubleclick.net/gpt/pubads_impl_2021080201.js?31062124 (6)
[0805/094218.116:INFO:CONSOLE(6)] "[GPT] Invalid arguments: Slot.setTargeting('', '').", source: https://securepubads.g.doubleclick.net/gpt/pubads_impl_2021080201.js?31062124 (6)
[0805/094218.117:INFO:CONSOLE(6)] "[GPT] Invalid arguments: Slot.setTargeting('', '').", source: https://securepubads.g.doubleclick.net/gpt/pubads_impl_2021080201.js?31062124 (6)
[0805/094218.119:INFO:CONSOLE(6)] "[GPT] Invalid arguments: Slot.setTargeting('', '').", source: https://securepubads.g.doubleclick.net/gpt/pubads_impl_2021080201.js?31062124 (6)
[0805/094218.119:INFO:CONSOLE(6)] "[GPT] Invalid arguments: Slot.setTargeting('', '').", source: https://securepubads.g.doubleclick.net/gpt/pubads_impl_2021080201.js?31062124 (6)
[0805/094218.120:INFO:CONSOLE(6)] "[GPT] Invalid arguments: Slot.setTargeting('', '').", source: https://securepubads.g.doubleclick.net/gpt/pubads_impl_2021080201.js?31062124 (6)
[0805/094218.122:INFO:CONSOLE(6)] "[GPT] Invalid arguments: Slot.setTargeting('', '').", source: https://securepubads.g.doubleclick.net/gpt/pubads_impl_2021080201.js?31062124 (6)
[0805/094218.122:INFO:CONSOLE(6)] "[GPT] Invalid arguments: Slot.setTargeting('', '').", source: https://securepubads.g.doubleclick.net/gpt/pubads_impl_2021080201.js?31062124 (6)
[0805/094218.125:INFO:CONSOLE(6)] "[GPT] Invalid arguments: Slot.setTargeting('', '').", source: https://securepubads.g.doubleclick.net/gpt/pubads_impl_2021080201.js?31062124 (6)
[0805/094218.127:INFO:CONSOLE(6)] "[GPT] Invalid arguments: Slot.setTargeting('', '').", source: https://securepubads.g.doubleclick.net/gpt/pubads_impl_2021080201.js?31062124 (6)
[0805/094218.131:INFO:CONSOLE(6)] "[GPT] Invalid arguments: Slot.setTargeting('', '').", source: https://securepubads.g.doubleclick.net/gpt/pubads_impl_2021080201.js?31062124 (6)
[0805/094218.132:INFO:CONSOLE(6)] "[GPT] Invalid arguments: Slot.setTargeting('', '').", source: https://securepubads.g.doubleclick.net/gpt/pubads_impl_2021080201.js?31062124 (6)
[0805/094218.132:INFO:CONSOLE(6)] "[GPT] Invalid arguments: Slot.setTargeting('', '').", source: https://securepubads.g.doubleclick.net/gpt/pubads_impl_2021080201.js?31062124 (6)
[0805/094218.132:INFO:CONSOLE(6)] "[GPT] Invalid arguments: Slot.setTargeting('', '').", source: https://securepubads.g.doubleclick.net/gpt/pubads_impl_2021080201.js?31062124 (6)
[0805/094218.154:INFO:CONSOLE(6)] "[GPT] Cannot find targeting attribute "npa" for "publisher_ads".", source: https://securepubads.g.doubleclick.net/gpt/pubads_impl_2021080201.js?31062124 (6)
[0805/094218.154:INFO:CONSOLE(6)] "[GPT] Cannot find targeting attribute "rdp" for "publisher_ads".", source: https://securepubads.g.doubleclick.net/gpt/pubads_impl_2021080201.js?31062124 (6)
[0805/094218.180:INFO:CONSOLE(2)] "%c--KARMA WARNING: Did not request div-gpt-square-flex-1 because the container is not displayed. font-size:14px;color:darkgoldenrod", source: https://karma.mdpcdn.com/service/js-min/karma.js (2)
[0805/094218.181:INFO:CONSOLE(2)] "%c--KARMA WARNING: Did not request div-gpt-square-fixed-3 because the container is not displayed. font-size:14px;color:darkgoldenrod", source: https://karma.mdpcdn.com/service/js-min/karma.js (2)
[0805/094218.182:INFO:CONSOLE(2)] "%c--KARMA WARNING: Did not request div-gpt-square-fixed-10 because the container is not displayed. font-size:14px;color:darkgoldenrod", source: https://karma.mdpcdn.com/service/js-min/karma.js (2)
[0805/094218.182:INFO:CONSOLE(2)] "%c--KARMA WARNING: Did not request div-gpt-square-fixed-11 because the container is not displayed. font-size:14px;color:darkgoldenrod", source: https://karma.mdpcdn.com/service/js-min/karma.js (2)
[0805/094219.498:INFO:CONSOLE(2)] "%c--KARMA ERROR: Failed to fetch adlightning. font-size:14px;color:red", source: https://karma.mdpcdn.com/service/js-min/karma.js (2)
[0805/094219.719:INFO:CONSOLE(6)] "[GPT] Cannot find targeting attribute "amzniid" for "3865/ar.mdp.com/tier1/video_recipe/BreakfastandBrunch".", source: https://securepubads.g.doubleclick.net/gpt/pubads_impl_2021080201.js?31062124 (6)
[0805/094219.727:INFO:CONSOLE(2)] "%c--KARMA WARNING: Targeting value "breakfast items" was incorrectly formatted, so KARMA changed it to "breakfastitems" font-size:14px;color:darkgoldenrod", source: https://karma.mdpcdn.com/service/js-min/karma.js (2)
[0805/094219.728:INFO:CONSOLE(2)] "%c--KARMA WARNING: Targeting value "Food & Drink" was incorrectly formatted, so KARMA changed it to "FoodDrink" font-size:14px;color:darkgoldenrod", source: https://karma.mdpcdn.com/service/js-min/karma.js (2)
[0805/094219.728:INFO:CONSOLE(2)] "%c--KARMA WARNING: Targeting value "Cooking & Recipes" was incorrectly formatted, so KARMA changed it to "CookingRecipes" font-size:14px;color:darkgoldenrod", source: https://karma.mdpcdn.com/service/js-min/karma.js (2)
[0805/094219.728:INFO:CONSOLE(2)] "%c--KARMA WARNING: Targeting value "Food & Drink" was incorrectly formatted, so KARMA changed it to "FoodDrink" font-size:14px;color:darkgoldenrod", source: https://karma.mdpcdn.com/service/js-min/karma.js (2)
[0805/094219.728:INFO:CONSOLE(2)] "%c--KARMA WARNING: Targeting value "Baked Goods" was incorrectly formatted, so KARMA changed it to "BakedGoods" font-size:14px;color:darkgoldenrod", source: https://karma.mdpcdn.com/service/js-min/karma.js (2)
[0805/094220.072:INFO:CONSOLE(33)] "No Promotion found for upc pairing :[8678741234555556, 10023423424373353654350]", source: https://cdn.polaris.me/cva/local-offers/c/ar-calvera.js (33)
[0805/094220.073:INFO:CONSOLE(33)] "Checkout Zip 32822", source: https://cdn.polaris.me/cva/local-offers/c/ar-calvera.js (33)
[0805/094221.581:INFO:CONSOLE(6)] "This ad's html cannot be accessed using the getHtml method on googletag.Slot. Returning the empty string instead.", source: https://securepubads.g.doubleclick.net/gpt/pubads_impl_2021080201.js?31062124 (6)
[0805/094221.581:INFO:CONSOLE(6)] "This ad's html cannot be accessed using the getHtml method on googletag.Slot. Returning the empty string instead.", source: https://securepubads.g.doubleclick.net/gpt/pubads_impl_2021080201.js?31062124 (6)
[0805/094223.269:INFO:CONSOLE(1)] "Uncaught ReferenceError: buildAttribution is not defined", source: https://www.allrecipes.com/recipe/165384/bananas-foster-belgian-waffles/ (1)
[0805/094223.482:INFO:CONSOLE(1)] "Uncaught ReferenceError: buildAttribution is not defined", source: https://www.allrecipes.com/recipe/165384/bananas-foster-belgian-waffles/ (1)
[0805/094223.653:INFO:CONSOLE(4)] "Powered by AMP ⚡ HTML – Version 2107240354000 https://www.allrecipes.com/recipe/165384/bananas-foster-belgian-waffles/", source: https://cdn.ampproject.org/rtv/012107240354000/amp4ads-v0.js (4)
[0805/094223.671:INFO:CONSOLE(4)] "Powered by AMP ⚡ HTML – Version 2107240354000 https://www.allrecipes.com/recipe/165384/bananas-foster-belgian-waffles/", source: https://cdn.ampproject.org/rtv/012107240354000/amp4ads-v0.js (4)
[0805/094226.820:INFO:CONSOLE(2)] "Uncaught (in promise) Error: Failed to load: https://tpc.googlesyndication.com/simgad/363173067514465283?sqp=4sqPyQQrQikqJwhfEAEdAAC0QiABKAEwCTgDQPCTCUgAUAFYAWBfcAJ4AcUBLbKdPg&rs=AOga4qnsCPCtdNXi8jYgQIZaqEdaMboivg​​​", source: https://cdn.ampproject.org/rtv/012107240354000/amp4ads-v0.js (2)
[0805/094226.824:INFO:CONSOLE(2)] "Uncaught (in promise) Error: Failed to load: https://tpc.googlesyndication.com/simgad/363173067514465283?sqp=4sqPyQQrQikqJwhfEAEdAAC0QiABKAEwCTgDQPCTCUgAUAFYAWBfcAJ4AcUBLbKdPg&rs=AOga4qnsCPCtdNXi8jYgQIZaqEdaMboivg​​​", source: https://cdn.ampproject.org/rtv/012107240354000/amp4ads-v0.js (2)
[0805/094226.825:INFO:CONSOLE(2)] "Uncaught (in promise) Error: Failed to load: https://tpc.googlesyndication.com/simgad/363173067514465283?sqp=4sqPyQQrQikqJwhfEAEdAAC0QiABKAEwCTgDQPCTCUgAUAFYAWBfcAJ4AcUBLbKdPg&rs=AOga4qnsCPCtdNXi8jYgQIZaqEdaMboivg​​​", source: https://cdn.ampproject.org/rtv/012107240354000/amp4ads-v0.js (2)
[0805/094226.825:INFO:CONSOLE(2)] "Uncaught (in promise) Error: Failed to load: https://tpc.googlesyndication.com/simgad/363173067514465283?sqp=4sqPyQQrQikqJwhfEAEdAAC0QiABKAEwCTgDQPCTCUgAUAFYAWBfcAJ4AcUBLbKdPg&rs=AOga4qnsCPCtdNXi8jYgQIZaqEdaMboivg​​​", source: https://cdn.ampproject.org/rtv/012107240354000/amp4ads-v0.js (2)
[0805/094226.826:INFO:CONSOLE(2)] "Uncaught (in promise) Error: Failed to load: https://tpc.googlesyndication.com/simgad/363173067514465283?sqp=4sqPyQQrQikqJwhfEAEdAAC0QiABKAEwCTgDQPCTCUgAUAFYAWBfcAJ4AcUBLbKdPg&rs=AOga4qnsCPCtdNXi8jYgQIZaqEdaMboivg​​​", source: https://cdn.ampproject.org/rtv/012107240354000/amp4ads-v0.js (2)
[0805/094226.827:INFO:CONSOLE(2)] "Uncaught (in promise) Error: Failed to load: https://tpc.googlesyndication.com/simgad/363173067514465283?sqp=4sqPyQQrQikqJwhfEAEdAAC0QiABKAEwCTgDQPCTCUgAUAFYAWBfcAJ4AcUBLbKdPg&rs=AOga4qnsCPCtdNXi8jYgQIZaqEdaMboivg​​​", source: https://cdn.ampproject.org/rtv/012107240354000/amp4ads-v0.js (2)
[0805/094226.827:INFO:CONSOLE(2)] "Uncaught (in promise) Error: Failed to load: https://tpc.googlesyndication.com/simgad/363173067514465283?sqp=4sqPyQQrQikqJwhfEAEdAAC0QiABKAEwCTgDQPCTCUgAUAFYAWBfcAJ4AcUBLbKdPg&rs=AOga4qnsCPCtdNXi8jYgQIZaqEdaMboivg​​​", source: https://cdn.ampproject.org/rtv/012107240354000/amp4ads-v0.js (2)
[0805/094226.828:INFO:CONSOLE(2)] "Uncaught (in promise) Error: Failed to load: https://tpc.googlesyndication.com/simgad/363173067514465283?sqp=4sqPyQQrQikqJwhfEAEdAAC0QiABKAEwCTgDQPCTCUgAUAFYAWBfcAJ4AcUBLbKdPg&rs=AOga4qnsCPCtdNXi8jYgQIZaqEdaMboivg​​​", source: https://cdn.ampproject.org/rtv/012107240354000/amp4ads-v0.js (2)
[0805/094226.829:INFO:CONSOLE(2)] "Uncaught (in promise) Error: Failed to load: https://tpc.googlesyndication.com/simgad/363173067514465283?sqp=4sqPyQQrQikqJwhfEAEdAAC0QiABKAEwCTgDQPCTCUgAUAFYAWBfcAJ4AcUBLbKdPg&rs=AOga4qnsCPCtdNXi8jYgQIZaqEdaMboivg​​​", source: https://cdn.ampproject.org/rtv/012107240354000/amp4ads-v0.js (2)
[0805/094226.829:INFO:CONSOLE(2)] "Uncaught (in promise) Error: Failed to load: https://tpc.googlesyndication.com/simgad/363173067514465283?sqp=4sqPyQQrQikqJwhfEAEdAAC0QiABKAEwCTgDQPCTCUgAUAFYAWBfcAJ4AcUBLbKdPg&rs=AOga4qnsCPCtdNXi8jYgQIZaqEdaMboivg​​​", source: https://cdn.ampproject.org/rtv/012107240354000/amp4ads-v0.js (2)
[0805/094226.830:INFO:CONSOLE(2)] "Uncaught (in promise) Error: Failed to load: https://tpc.googlesyndication.com/simgad/363173067514465283?sqp=4sqPyQQrQikqJwhfEAEdAAC0QiABKAEwCTgDQPCTCUgAUAFYAWBfcAJ4AcUBLbKdPg&rs=AOga4qnsCPCtdNXi8jYgQIZaqEdaMboivg​​​", source: https://cdn.ampproject.org/rtv/012107240354000/amp4ads-v0.js (2)
[0805/094226.830:INFO:CONSOLE(2)] "Uncaught (in promise) Error: Failed to load: https://tpc.googlesyndication.com/simgad/363173067514465283?sqp=4sqPyQQrQikqJwhfEAEdAAC0QiABKAEwCTgDQPCTCUgAUAFYAWBfcAJ4AcUBLbKdPg&rs=AOga4qnsCPCtdNXi8jYgQIZaqEdaMboivg​​​", source: https://cdn.ampproject.org/rtv/012107240354000/amp4ads-v0.js (2)
[0805/094226.831:INFO:CONSOLE(2)] "Uncaught (in promise) Error: Failed to load: https://tpc.googlesyndication.com/simgad/363173067514465283?sqp=4sqPyQQrQikqJwhfEAEdAAC0QiABKAEwCTgDQPCTCUgAUAFYAWBfcAJ4AcUBLbKdPg&rs=AOga4qnsCPCtdNXi8jYgQIZaqEdaMboivg​​​", source: https://cdn.ampproject.org/rtv/012107240354000/amp4ads-v0.js (2)
[0805/094226.832:INFO:CONSOLE(2)] "Uncaught (in promise) Error: Failed to load: https://tpc.googlesyndication.com/simgad/363173067514465283?sqp=4sqPyQQrQikqJwhfEAEdAAC0QiABKAEwCTgDQPCTCUgAUAFYAWBfcAJ4AcUBLbKdPg&rs=AOga4qnsCPCtdNXi8jYgQIZaqEdaMboivg​​​", source: https://cdn.ampproject.org/rtv/012107240354000/amp4ads-v0.js (2)
[0805/094226.832:INFO:CONSOLE(2)] "Uncaught (in promise) Error: Failed to load: https://tpc.googlesyndication.com/simgad/363173067514465283?sqp=4sqPyQQrQikqJwhfEAEdAAC0QiABKAEwCTgDQPCTCUgAUAFYAWBfcAJ4AcUBLbKdPg&rs=AOga4qnsCPCtdNXi8jYgQIZaqEdaMboivg​​​", source: https://cdn.ampproject.org/rtv/012107240354000/amp4ads-v0.js (2)
[0805/094226.833:INFO:CONSOLE(2)] "Uncaught (in promise) Error: Failed to load: https://tpc.googlesyndication.com/simgad/363173067514465283?sqp=4sqPyQQrQikqJwhfEAEdAAC0QiABKAEwCTgDQPCTCUgAUAFYAWBfcAJ4AcUBLbKdPg&rs=AOga4qnsCPCtdNXi8jYgQIZaqEdaMboivg​​​", source: https://cdn.ampproject.org/rtv/012107240354000/amp4ads-v0.js (2)
[0805/094226.833:INFO:CONSOLE(2)] "Uncaught (in promise) Error: Failed to load: https://tpc.googlesyndication.com/simgad/363173067514465283?sqp=4sqPyQQrQikqJwhfEAEdAAC0QiABKAEwCTgDQPCTCUgAUAFYAWBfcAJ4AcUBLbKdPg&rs=AOga4qnsCPCtdNXi8jYgQIZaqEdaMboivg​​​", source: https://cdn.ampproject.org/rtv/012107240354000/amp4ads-v0.js (2)
[0805/094226.833:INFO:CONSOLE(2)] "Uncaught (in promise) Error: Failed to load: https://tpc.googlesyndication.com/simgad/363173067514465283?sqp=4sqPyQQrQikqJwhfEAEdAAC0QiABKAEwCTgDQPCTCUgAUAFYAWBfcAJ4AcUBLbKdPg&rs=AOga4qnsCPCtdNXi8jYgQIZaqEdaMboivg​​​", source: https://cdn.ampproject.org/rtv/012107240354000/amp4ads-v0.js (2)
[0805/094226.834:INFO:CONSOLE(2)] "Uncaught (in promise) Error: Failed to load: https://tpc.googlesyndication.com/simgad/363173067514465283?sqp=4sqPyQQrQikqJwhfEAEdAAC0QiABKAEwCTgDQPCTCUgAUAFYAWBfcAJ4AcUBLbKdPg&rs=AOga4qnsCPCtdNXi8jYgQIZaqEdaMboivg​​​", source: https://cdn.ampproject.org/rtv/012107240354000/amp4ads-v0.js (2)
[0805/094226.835:INFO:CONSOLE(2)] "Uncaught (in promise) Error: Failed to load: https://tpc.googlesyndication.com/simgad/363173067514465283?sqp=4sqPyQQrQikqJwhfEAEdAAC0QiABKAEwCTgDQPCTCUgAUAFYAWBfcAJ4AcUBLbKdPg&rs=AOga4qnsCPCtdNXi8jYgQIZaqEdaMboivg​​​", source: https://cdn.ampproject.org/rtv/012107240354000/amp4ads-v0.js (2)
[0805/094226.835:INFO:CONSOLE(2)] "Uncaught (in promise) Error: Failed to load: https://tpc.googlesyndication.com/simgad/363173067514465283?sqp=4sqPyQQrQikqJwhfEAEdAAC0QiABKAEwCTgDQPCTCUgAUAFYAWBfcAJ4AcUBLbKdPg&rs=AOga4qnsCPCtdNXi8jYgQIZaqEdaMboivg​​​", source: https://cdn.ampproject.org/rtv/012107240354000/amp4ads-v0.js (2)
[0805/094226.836:INFO:CONSOLE(2)] "Uncaught (in promise) Error: Failed to load: https://tpc.googlesyndication.com/simgad/363173067514465283?sqp=4sqPyQQrQikqJwhfEAEdAAC0QiABKAEwCTgDQPCTCUgAUAFYAWBfcAJ4AcUBLbKdPg&rs=AOga4qnsCPCtdNXi8jYgQIZaqEdaMboivg​​​", source: https://cdn.ampproject.org/rtv/012107240354000/amp4ads-v0.js (2)
[0805/094226.836:INFO:CONSOLE(2)] "Uncaught (in promise) Error: Failed to load: https://tpc.googlesyndication.com/simgad/363173067514465283?sqp=4sqPyQQrQikqJwhfEAEdAAC0QiABKAEwCTgDQPCTCUgAUAFYAWBfcAJ4AcUBLbKdPg&rs=AOga4qnsCPCtdNXi8jYgQIZaqEdaMboivg​​​", source: https://cdn.ampproject.org/rtv/012107240354000/amp4ads-v0.js (2)
[0805/094226.837:INFO:CONSOLE(2)] "Uncaught (in promise) Error: Failed to load: https://tpc.googlesyndication.com/simgad/363173067514465283?sqp=4sqPyQQrQikqJwhfEAEdAAC0QiABKAEwCTgDQPCTCUgAUAFYAWBfcAJ4AcUBLbKdPg&rs=AOga4qnsCPCtdNXi8jYgQIZaqEdaMboivg​​​", source: https://cdn.ampproject.org/rtv/012107240354000/amp4ads-v0.js (2)
[0805/094226.837:INFO:CONSOLE(2)] "Uncaught (in promise) Error: Failed to load: https://tpc.googlesyndication.com/simgad/363173067514465283?sqp=4sqPyQQrQikqJwhfEAEdAAC0QiABKAEwCTgDQPCTCUgAUAFYAWBfcAJ4AcUBLbKdPg&rs=AOga4qnsCPCtdNXi8jYgQIZaqEdaMboivg​​​", source: https://cdn.ampproject.org/rtv/012107240354000/amp4ads-v0.js (2)
[0805/094226.837:INFO:CONSOLE(2)] "Uncaught (in promise) Error: Failed to load: https://tpc.googlesyndication.com/simgad/363173067514465283?sqp=4sqPyQQrQikqJwhfEAEdAAC0QiABKAEwCTgDQPCTCUgAUAFYAWBfcAJ4AcUBLbKdPg&rs=AOga4qnsCPCtdNXi8jYgQIZaqEdaMboivg​​​", source: https://cdn.ampproject.org/rtv/012107240354000/amp4ads-v0.js (2)
[0805/094226.838:INFO:CONSOLE(2)] "Uncaught (in promise) Error: Failed to load: https://tpc.googlesyndication.com/simgad/363173067514465283?sqp=4sqPyQQrQikqJwhfEAEdAAC0QiABKAEwCTgDQPCTCUgAUAFYAWBfcAJ4AcUBLbKdPg&rs=AOga4qnsCPCtdNXi8jYgQIZaqEdaMboivg​​​", source: https://cdn.ampproject.org/rtv/012107240354000/amp4ads-v0.js (2)
[0805/094226.838:INFO:CONSOLE(0)] "Uncaught (in promise) TypeError: Failed to fetch", source: https://www.allrecipes.com/recipe/165384/bananas-foster-belgian-waffles/ (0)
[0805/094226.839:INFO:CONSOLE(2)] "Uncaught (in promise) Error: Failed to load: https://tpc.googlesyndication.com/pagead/images/adchoices/icon.png​​​", source: https://cdn.ampproject.org/rtv/012107240354000/amp4ads-v0.js (2)
[0805/094226.839:INFO:CONSOLE(2)] "Uncaught (in promise) Error: Failed to load: https://tpc.googlesyndication.com/pagead/images/adchoices/en.png​​​", source: https://cdn.ampproject.org/rtv/012107240354000/amp4ads-v0.js (2)
[0805/094226.854:INFO:CONSOLE(2)] "Uncaught (in promise) Error: Failed to load: https://tpc.googlesyndication.com/simgad/363173067514465283?sqp=4sqPyQQrQikqJwhfEAEdAAC0QiABKAEwCTgDQPCTCUgAUAFYAWBfcAJ4AcUBLbKdPg&rs=AOga4qnsCPCtdNXi8jYgQIZaqEdaMboivg​​​", source: https://cdn.ampproject.org/rtv/012107240354000/amp4ads-v0.js (2)
[0805/094226.854:INFO:CONSOLE(2)] "Uncaught (in promise) Error: Failed to load: https://tpc.googlesyndication.com/simgad/363173067514465283?sqp=4sqPyQQrQikqJwhfEAEdAAC0QiABKAEwCTgDQPCTCUgAUAFYAWBfcAJ4AcUBLbKdPg&rs=AOga4qnsCPCtdNXi8jYgQIZaqEdaMboivg​​​", source: https://cdn.ampproject.org/rtv/012107240354000/amp4ads-v0.js (2)
[0805/094226.855:INFO:CONSOLE(2)] "Uncaught (in promise) Error: Failed to load: https://tpc.googlesyndication.com/simgad/363173067514465283?sqp=4sqPyQQrQikqJwhfEAEdAAC0QiABKAEwCTgDQPCTCUgAUAFYAWBfcAJ4AcUBLbKdPg&rs=AOga4qnsCPCtdNXi8jYgQIZaqEdaMboivg​​​", source: https://cdn.ampproject.org/rtv/012107240354000/amp4ads-v0.js (2)
[0805/094226.856:INFO:CONSOLE(2)] "Uncaught (in promise) Error: Failed to load: https://tpc.googlesyndication.com/simgad/363173067514465283?sqp=4sqPyQQrQikqJwhfEAEdAAC0QiABKAEwCTgDQPCTCUgAUAFYAWBfcAJ4AcUBLbKdPg&rs=AOga4qnsCPCtdNXi8jYgQIZaqEdaMboivg​​​", source: https://cdn.ampproject.org/rtv/012107240354000/amp4ads-v0.js (2)
[0805/094226.857:INFO:CONSOLE(2)] "Uncaught (in promise) Error: Failed to load: https://tpc.googlesyndication.com/simgad/363173067514465283?sqp=4sqPyQQrQikqJwhfEAEdAAC0QiABKAEwCTgDQPCTCUgAUAFYAWBfcAJ4AcUBLbKdPg&rs=AOga4qnsCPCtdNXi8jYgQIZaqEdaMboivg​​​", source: https://cdn.ampproject.org/rtv/012107240354000/amp4ads-v0.js (2)
[0805/094226.857:INFO:CONSOLE(2)] "Uncaught (in promise) Error: Failed to load: https://tpc.googlesyndication.com/simgad/363173067514465283?sqp=4sqPyQQrQikqJwhfEAEdAAC0QiABKAEwCTgDQPCTCUgAUAFYAWBfcAJ4AcUBLbKdPg&rs=AOga4qnsCPCtdNXi8jYgQIZaqEdaMboivg​​​", source: https://cdn.ampproject.org/rtv/012107240354000/amp4ads-v0.js (2)
[0805/094226.858:INFO:CONSOLE(2)] "Uncaught (in promise) Error: Failed to load: https://tpc.googlesyndication.com/simgad/363173067514465283?sqp=4sqPyQQrQikqJwhfEAEdAAC0QiABKAEwCTgDQPCTCUgAUAFYAWBfcAJ4AcUBLbKdPg&rs=AOga4qnsCPCtdNXi8jYgQIZaqEdaMboivg​​​", source: https://cdn.ampproject.org/rtv/012107240354000/amp4ads-v0.js (2)
[0805/094226.858:INFO:CONSOLE(2)] "Uncaught (in promise) Error: Failed to load: https://tpc.googlesyndication.com/simgad/363173067514465283?sqp=4sqPyQQrQikqJwhfEAEdAAC0QiABKAEwCTgDQPCTCUgAUAFYAWBfcAJ4AcUBLbKdPg&rs=AOga4qnsCPCtdNXi8jYgQIZaqEdaMboivg​​​", source: https://cdn.ampproject.org/rtv/012107240354000/amp4ads-v0.js (2)
[0805/094226.858:INFO:CONSOLE(2)] "Uncaught (in promise) Error: Failed to load: https://tpc.googlesyndication.com/simgad/363173067514465283?sqp=4sqPyQQrQikqJwhfEAEdAAC0QiABKAEwCTgDQPCTCUgAUAFYAWBfcAJ4AcUBLbKdPg&rs=AOga4qnsCPCtdNXi8jYgQIZaqEdaMboivg​​​", source: https://cdn.ampproject.org/rtv/012107240354000/amp4ads-v0.js (2)
[0805/094226.859:INFO:CONSOLE(2)] "Uncaught (in promise) Error: Failed to load: https://tpc.googlesyndication.com/simgad/363173067514465283?sqp=4sqPyQQrQikqJwhfEAEdAAC0QiABKAEwCTgDQPCTCUgAUAFYAWBfcAJ4AcUBLbKdPg&rs=AOga4qnsCPCtdNXi8jYgQIZaqEdaMboivg​​​", source: https://cdn.ampproject.org/rtv/012107240354000/amp4ads-v0.js (2)
[0805/094226.859:INFO:CONSOLE(2)] "Uncaught (in promise) Error: Failed to load: https://tpc.googlesyndication.com/simgad/363173067514465283?sqp=4sqPyQQrQikqJwhfEAEdAAC0QiABKAEwCTgDQPCTCUgAUAFYAWBfcAJ4AcUBLbKdPg&rs=AOga4qnsCPCtdNXi8jYgQIZaqEdaMboivg​​​", source: https://cdn.ampproject.org/rtv/012107240354000/amp4ads-v0.js (2)
[0805/094226.859:INFO:CONSOLE(2)] "Uncaught (in promise) Error: Failed to load: https://tpc.googlesyndication.com/simgad/363173067514465283?sqp=4sqPyQQrQikqJwhfEAEdAAC0QiABKAEwCTgDQPCTCUgAUAFYAWBfcAJ4AcUBLbKdPg&rs=AOga4qnsCPCtdNXi8jYgQIZaqEdaMboivg​​​", source: https://cdn.ampproject.org/rtv/012107240354000/amp4ads-v0.js (2)
[0805/094226.860:INFO:CONSOLE(2)] "Uncaught (in promise) Error: Failed to load: https://tpc.googlesyndication.com/simgad/363173067514465283?sqp=4sqPyQQrQikqJwhfEAEdAAC0QiABKAEwCTgDQPCTCUgAUAFYAWBfcAJ4AcUBLbKdPg&rs=AOga4qnsCPCtdNXi8jYgQIZaqEdaMboivg​​​", source: https://cdn.ampproject.org/rtv/012107240354000/amp4ads-v0.js (2)
[0805/094226.860:INFO:CONSOLE(2)] "Uncaught (in promise) Error: Failed to load: https://tpc.googlesyndication.com/simgad/363173067514465283?sqp=4sqPyQQrQikqJwhfEAEdAAC0QiABKAEwCTgDQPCTCUgAUAFYAWBfcAJ4AcUBLbKdPg&rs=AOga4qnsCPCtdNXi8jYgQIZaqEdaMboivg​​​", source: https://cdn.ampproject.org/rtv/012107240354000/amp4ads-v0.js (2)
[0805/094226.861:INFO:CONSOLE(2)] "Uncaught (in promise) Error: Failed to load: https://tpc.googlesyndication.com/simgad/363173067514465283?sqp=4sqPyQQrQikqJwhfEAEdAAC0QiABKAEwCTgDQPCTCUgAUAFYAWBfcAJ4AcUBLbKdPg&rs=AOga4qnsCPCtdNXi8jYgQIZaqEdaMboivg​​​", source: https://cdn.ampproject.org/rtv/012107240354000/amp4ads-v0.js (2)
[0805/094226.862:INFO:CONSOLE(2)] "Uncaught (in promise) Error: Failed to load: https://tpc.googlesyndication.com/simgad/363173067514465283?sqp=4sqPyQQrQikqJwhfEAEdAAC0QiABKAEwCTgDQPCTCUgAUAFYAWBfcAJ4AcUBLbKdPg&rs=AOga4qnsCPCtdNXi8jYgQIZaqEdaMboivg​​​", source: https://cdn.ampproject.org/rtv/012107240354000/amp4ads-v0.js (2)
[0805/094226.862:INFO:CONSOLE(2)] "Uncaught (in promise) Error: Failed to load: https://tpc.googlesyndication.com/simgad/363173067514465283?sqp=4sqPyQQrQikqJwhfEAEdAAC0QiABKAEwCTgDQPCTCUgAUAFYAWBfcAJ4AcUBLbKdPg&rs=AOga4qnsCPCtdNXi8jYgQIZaqEdaMboivg​​​", source: https://cdn.ampproject.org/rtv/012107240354000/amp4ads-v0.js (2)
[0805/094226.863:INFO:CONSOLE(2)] "Uncaught (in promise) Error: Failed to load: https://tpc.googlesyndication.com/simgad/363173067514465283?sqp=4sqPyQQrQikqJwhfEAEdAAC0QiABKAEwCTgDQPCTCUgAUAFYAWBfcAJ4AcUBLbKdPg&rs=AOga4qnsCPCtdNXi8jYgQIZaqEdaMboivg​​​", source: https://cdn.ampproject.org/rtv/012107240354000/amp4ads-v0.js (2)
[0805/094226.863:INFO:CONSOLE(2)] "Uncaught (in promise) Error: Failed to load: https://tpc.googlesyndication.com/simgad/363173067514465283?sqp=4sqPyQQrQikqJwhfEAEdAAC0QiABKAEwCTgDQPCTCUgAUAFYAWBfcAJ4AcUBLbKdPg&rs=AOga4qnsCPCtdNXi8jYgQIZaqEdaMboivg​​​", source: https://cdn.ampproject.org/rtv/012107240354000/amp4ads-v0.js (2)
[0805/094226.864:INFO:CONSOLE(2)] "Uncaught (in promise) Error: Failed to load: https://tpc.googlesyndication.com/simgad/363173067514465283?sqp=4sqPyQQrQikqJwhfEAEdAAC0QiABKAEwCTgDQPCTCUgAUAFYAWBfcAJ4AcUBLbKdPg&rs=AOga4qnsCPCtdNXi8jYgQIZaqEdaMboivg​​​", source: https://cdn.ampproject.org/rtv/012107240354000/amp4ads-v0.js (2)
[0805/094226.864:INFO:CONSOLE(2)] "Uncaught (in promise) Error: Failed to load: https://tpc.googlesyndication.com/simgad/363173067514465283?sqp=4sqPyQQrQikqJwhfEAEdAAC0QiABKAEwCTgDQPCTCUgAUAFYAWBfcAJ4AcUBLbKdPg&rs=AOga4qnsCPCtdNXi8jYgQIZaqEdaMboivg​​​", source: https://cdn.ampproject.org/rtv/012107240354000/amp4ads-v0.js (2)
[0805/094226.865:INFO:CONSOLE(2)] "Uncaught (in promise) Error: Failed to load: https://tpc.googlesyndication.com/simgad/363173067514465283?sqp=4sqPyQQrQikqJwhfEAEdAAC0QiABKAEwCTgDQPCTCUgAUAFYAWBfcAJ4AcUBLbKdPg&rs=AOga4qnsCPCtdNXi8jYgQIZaqEdaMboivg​​​", source: https://cdn.ampproject.org/rtv/012107240354000/amp4ads-v0.js (2)
[0805/094226.865:INFO:CONSOLE(2)] "Uncaught (in promise) Error: Failed to load: https://tpc.googlesyndication.com/simgad/363173067514465283?sqp=4sqPyQQrQikqJwhfEAEdAAC0QiABKAEwCTgDQPCTCUgAUAFYAWBfcAJ4AcUBLbKdPg&rs=AOga4qnsCPCtdNXi8jYgQIZaqEdaMboivg​​​", source: https://cdn.ampproject.org/rtv/012107240354000/amp4ads-v0.js (2)
[0805/094226.866:INFO:CONSOLE(2)] "Uncaught (in promise) Error: Failed to load: https://tpc.googlesyndication.com/simgad/363173067514465283?sqp=4sqPyQQrQikqJwhfEAEdAAC0QiABKAEwCTgDQPCTCUgAUAFYAWBfcAJ4AcUBLbKdPg&rs=AOga4qnsCPCtdNXi8jYgQIZaqEdaMboivg​​​", source: https://cdn.ampproject.org/rtv/012107240354000/amp4ads-v0.js (2)
[0805/094226.866:INFO:CONSOLE(2)] "Uncaught (in promise) Error: Failed to load: https://tpc.googlesyndication.com/simgad/363173067514465283?sqp=4sqPyQQrQikqJwhfEAEdAAC0QiABKAEwCTgDQPCTCUgAUAFYAWBfcAJ4AcUBLbKdPg&rs=AOga4qnsCPCtdNXi8jYgQIZaqEdaMboivg​​​", source: https://cdn.ampproject.org/rtv/012107240354000/amp4ads-v0.js (2)
[0805/094226.867:INFO:CONSOLE(2)] "Uncaught (in promise) Error: Failed to load: https://tpc.googlesyndication.com/simgad/363173067514465283?sqp=4sqPyQQrQikqJwhfEAEdAAC0QiABKAEwCTgDQPCTCUgAUAFYAWBfcAJ4AcUBLbKdPg&rs=AOga4qnsCPCtdNXi8jYgQIZaqEdaMboivg​​​", source: https://cdn.ampproject.org/rtv/012107240354000/amp4ads-v0.js (2)
[0805/094226.867:INFO:CONSOLE(2)] "Uncaught (in promise) Error: Failed to load: https://tpc.googlesyndication.com/simgad/363173067514465283?sqp=4sqPyQQrQikqJwhfEAEdAAC0QiABKAEwCTgDQPCTCUgAUAFYAWBfcAJ4AcUBLbKdPg&rs=AOga4qnsCPCtdNXi8jYgQIZaqEdaMboivg​​​", source: https://cdn.ampproject.org/rtv/012107240354000/amp4ads-v0.js (2)
[0805/094226.868:INFO:CONSOLE(2)] "Uncaught (in promise) Error: Failed to load: https://tpc.googlesyndication.com/pagead/images/adchoices/icon.png​​​", source: https://cdn.ampproject.org/rtv/012107240354000/amp4ads-v0.js (2)
[0805/094226.868:INFO:CONSOLE(2)] "Uncaught (in promise) Error: Failed to load: https://tpc.googlesyndication.com/pagead/images/adchoices/en.png​​​", source: https://cdn.ampproject.org/rtv/012107240354000/amp4ads-v0.js (2)
